<?xml version="1.0" encoding="UTF-8"?>
<testsuite name="cDiscount.testing.RechercheProduit" time="9.793" tests="2" errors="0" skipped="0" failures="1">
  <properties>
    <property name="java.runtime.name" value="Java(TM) SE Runtime Environment"/>
    <property name="sun.boot.library.path" value="/usr/local/jdk1.8.0_25/jre/lib/amd64"/>
    <property name="java.vm.version" value="25.25-b02"/>
    <property name="java.vm.vendor" value="Oracle Corporation"/>
    <property name="maven.multiModuleProjectDirectory" value="/home/gis4/cbouisso/workspace2/TM-anis-benoit"/>
    <property name="java.vendor.url" value="http://java.oracle.com/"/>
    <property name="path.separator" value=":"/>
    <property name="guice.disable.misplaced.annotation.check" value="true"/>
    <property name="java.vm.name" value="Java HotSpot(TM) 64-Bit Server VM"/>
    <property name="file.encoding.pkg" value="sun.io"/>
    <property name="user.country" value="FR"/>
    <property name="sun.java.launcher" value="SUN_STANDARD"/>
    <property name="sun.os.patch.level" value="unknown"/>
    <property name="java.vm.specification.name" value="Java Virtual Machine Specification"/>
    <property name="user.dir" value="/home/gis4/cbouisso/workspace2/TM-anis-benoit"/>
    <property name="java.runtime.version" value="1.8.0_25-b17"/>
    <property name="java.awt.graphicsenv" value="sun.awt.X11GraphicsEnvironment"/>
    <property name="java.endorsed.dirs" value="/usr/local/jdk1.8.0_25/jre/lib/endorsed"/>
    <property name="os.arch" value="amd64"/>
    <property name="java.io.tmpdir" value="/tmp"/>
    <property name="line.separator" value="&#10;"/>
    <property name="java.vm.specification.vendor" value="Oracle Corporation"/>
    <property name="os.name" value="Linux"/>
    <property name="classworlds.conf" value="/home/gis4/cbouisso/workspace2/.metadata/.plugins/org.eclipse.m2e.launching/launches/m2conf9124075416455399196.tmp"/>
    <property name="sun.jnu.encoding" value="UTF-8"/>
    <property name="java.library.path" value="/usr/java/packages/lib/amd64:/usr/lib64:/lib64:/lib:/usr/lib"/>
    <property name="java.specification.name" value="Java Platform API Specification"/>
    <property name="java.class.version" value="52.0"/>
    <property name="sun.management.compiler" value="HotSpot 64-Bit Tiered Compilers"/>
    <property name="os.version" value="4.9.0-3-amd64"/>
    <property name="user.home" value="/home/gis4/cbouisso"/>
    <property name="user.timezone" value="Europe/Paris"/>
    <property name="java.awt.printerjob" value="sun.print.PSPrinterJob"/>
    <property name="file.encoding" value="UTF-8"/>
    <property name="java.specification.version" value="1.8"/>
    <property name="user.name" value="cbouisso"/>
    <property name="java.class.path" value="/usr/local/eclipseNeon/../../../home/gis4/cbouisso/.eclipse/org.eclipse.platform_4.6.0_1341635697_linux_gtk_x86_64/plugins/org.eclipse.m2e.maven.runtime_1.7.0.20160603-1931/jars/plexus-classworlds-2.5.2.jar"/>
    <property name="java.vm.specification.version" value="1.8"/>
    <property name="sun.arch.data.model" value="64"/>
    <property name="java.home" value="/usr/local/jdk1.8.0_25/jre"/>
    <property name="sun.java.command" value="org.codehaus.plexus.classworlds.launcher.Launcher -B failsafe:integration-test"/>
    <property name="java.specification.vendor" value="Oracle Corporation"/>
    <property name="user.language" value="fr"/>
    <property name="awt.toolkit" value="sun.awt.X11.XToolkit"/>
    <property name="java.vm.info" value="mixed mode"/>
    <property name="java.version" value="1.8.0_25"/>
    <property name="java.ext.dirs" value="/usr/local/jdk1.8.0_25/jre/lib/ext:/usr/java/packages/lib/ext"/>
    <property name="securerandom.source" value="file:/dev/./urandom"/>
    <property name="sun.boot.class.path" value="/usr/local/jdk1.8.0_25/jre/lib/resources.jar:/usr/local/jdk1.8.0_25/jre/lib/rt.jar:/usr/local/jdk1.8.0_25/jre/lib/sunrsasign.jar:/usr/local/jdk1.8.0_25/jre/lib/jsse.jar:/usr/local/jdk1.8.0_25/jre/lib/jce.jar:/usr/local/jdk1.8.0_25/jre/lib/charsets.jar:/usr/local/jdk1.8.0_25/jre/lib/jfr.jar:/usr/local/jdk1.8.0_25/jre/classes"/>
    <property name="java.vendor" value="Oracle Corporation"/>
    <property name="maven.home" value="/home/gis4/cbouisso/workspace2/TM-anis-benoit/EMBEDDED"/>
    <property name="file.separator" value="/"/>
    <property name="java.vendor.url.bug" value="http://bugreport.sun.com/bugreport/"/>
    <property name="sun.cpu.endian" value="little"/>
    <property name="sun.io.unicode.encoding" value="UnicodeLittle"/>
    <property name="sun.cpu.isalist" value=""/>
  </properties>
  <testcase name="Rechercher le produit iphone X - Fail" classname="Rechercher un produit" time="5.091">
    <failure message="expected:&lt;[iphone X]&gt; but was:&lt;[APPLE iPhone X 64Go Argent]&gt;" type="org.junit.ComparisonFailure"><![CDATA[org.junit.ComparisonFailure: expected:<[iphone X]> but was:<[APPLE iPhone X 64Go Argent]>
	at org.junit.Assert.assertEquals(Assert.java:115)
	at org.junit.Assert.assertEquals(Assert.java:144)
	at cDiscount.testing.steps.serenity.RechercheStep.verifieLienVersProduit(RechercheStep.java:25)
	at cDiscount.testing.steps.serenity.RechercheStep$$EnhancerByCGLIB$$390f3753.CGLIB$verifieLienVersProduit$2(<generated>)
	at cDiscount.testing.steps.serenity.RechercheStep$$EnhancerByCGLIB$$390f3753$$FastClassByCGLIB$$4f58fff7.invoke(<generated>)
	at net.sf.cglib.proxy.MethodProxy.invokeSuper(MethodProxy.java:228)
	at net.thucydides.core.steps.StepInterceptor.invokeMethod(StepInterceptor.java:426)
	at net.thucydides.core.steps.StepInterceptor.executeTestStepMethod(StepInterceptor.java:411)
	at net.thucydides.core.steps.StepInterceptor.runTestStep(StepInterceptor.java:386)
	at net.thucydides.core.steps.StepInterceptor.testStepResult(StepInterceptor.java:134)
	at net.thucydides.core.steps.StepInterceptor.intercept(StepInterceptor.java:63)
	at cDiscount.testing.steps.serenity.RechercheStep$$EnhancerByCGLIB$$390f3753.verifieLienVersProduit(<generated>)
	at cDiscount.testing.steps.RechercheProduitStepDefinitions.le_texte_est_affiché(RechercheProduitStepDefinitions.java:19)
	at ✽.le texte "iphone X" est affiché(src/test/resources/features/gestionRecherche/rechercheProduit.feature:11)
]]></failure>
    <system-out><![CDATA[
2 Scenarios (&amp#27;[32m2 passed&amp#27;[0m)
6 Steps (&amp#27;[32m6 passed&amp#27;[0m)
0m8,945s

XXX Created runtime cucumber.runtime.RuntimeOptions@6778aea6
]]></system-out>
    <system-err><![CDATA[9288 [main] INFO net.serenitybdd.core.Serenity - 
        __    _____ _____ ____ _____   ____   _    ____  ____  _____ ____  
  _     \ \  |_   _| ____/ ___|_   _| |  _ \ / \  / ___|/ ___|| ____|  _ \ 
 (_)_____| |   | | |  _| \___ \ | |   | |_) / _ \ \___ \\___ \|  _| | | | |
  _|_____| |   | | | |___ ___) || |   |  __/ ___ \ ___) |___) | |___| |_| |
 (_)     | |   |_| |_____|____/ |_|   |_| /_/   \_\____/|____/|_____|____/ 
        /_/                                                                

TEST PASSED: S'identifier - Fail
----------------------------------------------------------------------------
10024 [main] INFO net.serenitybdd.core.Serenity - Test Suite Started: Rechercher un produit
10025 [main] INFO net.serenitybdd.core.Serenity - 
 _____ _____ ____ _____   ____ _____  _    ____ _____ _____ ____  
|_   _| ____/ ___|_   _| / ___|_   _|/ \  |  _ \_   _| ____|  _ \ 
  | | |  _| \___ \ | |   \___ \ | | / _ \ | |_) || | |  _| | | | |
  | | | |___ ___) || |    ___) || |/ ___ \|  _ < | | | |___| |_| |
  |_| |_____|____/ |_|   |____/ |_/_/   \_\_| \_\|_| |_____|____/ 
                                                                  

TEST STARTED: Rechercher le produit iphone X - Fail
-------------------------------------------------------------------(rechercher-un-produit;rechercher-le-produit-iphone-x---fail)
déc. 18, 2017 2:56:58 PM org.openqa.selenium.remote.ProtocolHandshake createSession
INFOS: Detected dialect: OSS
15064 [main] ERROR net.serenitybdd.core.Serenity - 
           __  _____ _____ ____ _____   _____ _    ___ _     _____ ____  
  _       / / |_   _| ____/ ___|_   _| |  ___/ \  |_ _| |   | ____|  _ \ 
 (_)_____| |    | | |  _| \___ \ | |   | |_ / _ \  | || |   |  _| | | | |
  _|_____| |    | | | |___ ___) || |   |  _/ ___ \ | || |___| |___| |_| |
 (_)     | |    |_| |_____|____/ |_|   |_|/_/   \_\___|_____|_____|____/ 
          \_\                                                            

TEST FAILED: Rechercher le produit iphone X - Fail
--------------------------------------------------------------------------
15111 [main] ERROR net.serenitybdd.core.Serenity - TEST FAILED AT STEP Verifie lien vers produit: iphone X
15111 [main] ERROR net.serenitybdd.core.Serenity - expected:<[iphone X]> but was:<[APPLE iPhone X 64Go Argent]>
]]></system-err>
  </testcase>
  <testcase name="Rechercher le produit iphone X - Success" classname="Rechercher un produit" time="4.702"/>
</testsuite>